<?xml version="1.0" encoding="UTF-8"?>
<!-- Generated by org.testng.reporters.JUnitReportReporter -->
<testsuite hostname="ASI-PF0QP33U" failures="0" tests="1" name="script.DemoA" time="27.896" errors="0" timestamp="12 Oct 2018 02:45:25 GMT">
  <testcase classname="script.DemoA" name="testA" time="27.896"/>
</testsuite> <!-- script.DemoA -->
