<?xml version="1.0" encoding="UTF-8"?>
<!-- Generated by org.testng.reporters.JUnitReportReporter -->
<testsuite hostname="ASI-PF0QP33U" failures="0" tests="1" name="script.OrangeTC1" time="20.213" errors="0" timestamp="16 Oct 2018 06:52:15 GMT" skipped="0">
  <testcase classname="script.OrangeTC1" name="testA" time="20.213"/>
</testsuite> <!-- script.OrangeTC1 -->
