<?xml version="1.0" encoding="UTF-8"?>
<!-- Generated by org.testng.reporters.JUnitReportReporter -->
<testsuite hostname="ASI-PF0QP33U" failures="0" tests="1" name="script.OrangeTC1" time="23.896" errors="0" timestamp="21 Oct 2018 12:31:05 GMT" skipped="0">
  <testcase classname="script.OrangeTC1" name="testA" time="23.896"/>
</testsuite> <!-- script.OrangeTC1 -->
